{"/Users/napoleonsantana/Documents/Workplace/js/watchkitty/src/utils/get_git_repos.js": {"path":"/Users/napoleonsantana/Documents/Workplace/js/watchkitty/src/utils/get_git_repos.js","statementMap":{"0":{"start":{"line":2,"column":16},"end":{"line":2,"column":18}},"1":{"start":{"line":4,"column":4},"end":{"line":10,"column":7}},"2":{"start":{"line":5,"column":8},"end":{"line":9,"column":9}},"3":{"start":{"line":6,"column":26},"end":{"line":6,"column":51}},"4":{"start":{"line":7,"column":32},"end":{"line":7,"column":45}},"5":{"start":{"line":8,"column":12},"end":{"line":8,"column":39}},"6":{"start":{"line":12,"column":4},"end":{"line":12,"column":17}},"7":{"start":{"line":15,"column":0},"end":{"line":15,"column":35}}},"fnMap":{"0":{"name":"get_git_repos","decl":{"start":{"line":1,"column":9},"end":{"line":1,"column":22}},"loc":{"start":{"line":1,"column":31},"end":{"line":13,"column":1}},"line":1},"1":{"name":"(anonymous_1)","decl":{"start":{"line":4,"column":26},"end":{"line":4,"column":27}},"loc":{"start":{"line":4,"column":34},"end":{"line":10,"column":5}},"line":4}},"branchMap":{"0":{"loc":{"start":{"line":5,"column":8},"end":{"line":9,"column":9}},"type":"if","locations":[{"start":{"line":5,"column":8},"end":{"line":9,"column":9}},{"start":{"line":5,"column":8},"end":{"line":9,"column":9}}],"line":5}},"s":{"0":1,"1":1,"2":3,"3":1,"4":1,"5":1,"6":1,"7":1},"f":{"0":1,"1":3},"b":{"0":[1,2]},"_coverageSchema":"1a1c01bbd47fc00a2c39e90264f33305004495a9","hash":"a1b996a424c030aa03ea3ee0ecd78032c3c056c5"}
,"/Users/napoleonsantana/Documents/Workplace/js/watchkitty/src/utils/parse_payload.js": {"path":"/Users/napoleonsantana/Documents/Workplace/js/watchkitty/src/utils/parse_payload.js","statementMap":{"0":{"start":{"line":2,"column":4},"end":{"line":2,"column":31}},"1":{"start":{"line":5,"column":0},"end":{"line":5,"column":35}}},"fnMap":{"0":{"name":"parse_payload","decl":{"start":{"line":1,"column":9},"end":{"line":1,"column":22}},"loc":{"start":{"line":1,"column":31},"end":{"line":3,"column":1}},"line":1}},"branchMap":{},"s":{"0":1,"1":1},"f":{"0":1},"b":{},"_coverageSchema":"1a1c01bbd47fc00a2c39e90264f33305004495a9","hash":"41df94c189857d572e832bc6aed13964a47030ab"}
}
