<?xml version="1.0" encoding="UTF-8"?>
<coverage generated="1580488556289" clover="3.2.0">
  <project timestamp="1580488556289" name="All files">
    <metrics statements="9" coveredstatements="9" conditionals="2" coveredconditionals="2" methods="3" coveredmethods="3" elements="14" coveredelements="14" complexity="0" loc="9" ncloc="9" packages="1" files="2" classes="2"/>
    <file name="get_git_repos.js" path="/Users/napoleonsantana/Documents/Workplace/js/watchkitty/src/utils/get_git_repos.js">
      <metrics statements="7" coveredstatements="7" conditionals="2" coveredconditionals="2" methods="2" coveredmethods="2"/>
      <line num="2" count="1" type="stmt"/>
      <line num="4" count="1" type="stmt"/>
      <line num="5" count="3" type="cond" truecount="2" falsecount="0"/>
      <line num="6" count="1" type="stmt"/>
      <line num="7" count="1" type="stmt"/>
      <line num="11" count="1" type="stmt"/>
      <line num="14" count="1" type="stmt"/>
    </file>
    <file name="parse_payload.js" path="/Users/napoleonsantana/Documents/Workplace/js/watchkitty/src/utils/parse_payload.js">
      <metrics statements="2" coveredstatements="2" conditionals="0" coveredconditionals="0" methods="1" coveredmethods="1"/>
      <line num="2" count="1" type="stmt"/>
      <line num="5" count="1" type="stmt"/>
    </file>
  </project>
</coverage>
